Start testing: Jan 31 08:25 UTC
----------------------------------------------------------
1/1 Testing: sample_test
1/1 Test: sample_test
Command: "/home/runner/work/learn_gmock/learn_gmock/build/sample_test"
Directory: /home/runner/work/learn_gmock/learn_gmock/build
"sample_test" start time: Jan 31 08:25 UTC
Output:
----------------------------------------------------------
Running main() from gmock_main.cc
[==========] Running 2 tests from 1 test suite.
[----------] Global test environment set-up.
[----------] 2 tests from ProcessorTest
[ RUN      ] ProcessorTest.ProcessValue_SuccessPath
[       OK ] ProcessorTest.ProcessValue_SuccessPath (0 ms)
[ RUN      ] ProcessorTest.ProcessValue_DoNegative
[       OK ] ProcessorTest.ProcessValue_DoNegative (0 ms)
[----------] 2 tests from ProcessorTest (0 ms total)

[----------] Global test environment tear-down
[==========] 2 tests from 1 test suite ran. (0 ms total)
[  PASSED  ] 2 tests.
<end of output>
Test time =   0.00 sec
----------------------------------------------------------
Test Passed.
"sample_test" end time: Jan 31 08:25 UTC
"sample_test" time elapsed: 00:00:00
----------------------------------------------------------

End testing: Jan 31 08:25 UTC
